In file included from [01m[K/home/gbekeadesiyun/software_training/src/software_training_assignment/src/circular_move_publisher.cpp:1[m[K:
[01m[K/home/gbekeadesiyun/software_training/src/software_training_assignment/include/software_training_assignment/circular_move_publisher.hpp:20:5:[m[K [01;31m[Kerror: [m[K‘[01m[KSOFTWARE_TRAINING_ASSIGNMENT_PUBLIC[m[K’ does not name a type
   20 |     [01;31m[KSOFTWARE_TRAINING_ASSIGNMENT_PUBLIC[m[K
      |     [01;31m[K^~~~~~~~~~~~~~~~~~~~~~~~~~~~~~~~~~~[m[K
[01m[K/home/gbekeadesiyun/software_training/src/software_training_assignment/include/software_training_assignment/circular_move_publisher.hpp:37:31:[m[K [01;31m[Kerror: [m[K‘[01m[Kconstexpr[m[K’ static data member ‘[01m[Kmy_queue[m[K’ must have an initializer
   37 | static constexpr unsigned int [01;31m[Kmy_queue[m[K[10];
      |                               [01;31m[K^~~~~~~~[m[K
[01m[K/home/gbekeadesiyun/software_training/src/software_training_assignment/include/software_training_assignment/circular_move_publisher.hpp:44:32:[m[K [01;31m[Kerror: [m[K‘[01m[Kconstexpr[m[K’ static data member ‘[01m[Kx[m[K’ must have an initializer
   44 |         static constexpr float [01;31m[Kx[m[K;
      |                                [01;31m[K^[m[K
[01m[K/home/gbekeadesiyun/software_training/src/software_training_assignment/include/software_training_assignment/circular_move_publisher.hpp:45:32:[m[K [01;31m[Kerror: [m[K‘[01m[Kconstexpr[m[K’ static data member ‘[01m[Ky[m[K’ must have an initializer
   45 |         static constexpr float [01;31m[Ky[m[K;
      |                                [01;31m[K^[m[K
[01m[K/home/gbekeadesiyun/software_training/src/software_training_assignment/include/software_training_assignment/circular_move_publisher.hpp:46:32:[m[K [01;31m[Kerror: [m[K‘[01m[Kconstexpr[m[K’ static data member ‘[01m[Kz[m[K’ must have an initializer
   46 |         static constexpr float [01;31m[Kz[m[K;
      |                                [01;31m[K^[m[K
[01m[K/home/gbekeadesiyun/software_training/src/software_training_assignment/include/software_training_assignment/circular_move_publisher.hpp:53:32:[m[K [01;31m[Kerror: [m[K‘[01m[Kconstexpr[m[K’ static data member ‘[01m[Kx[m[K’ must have an initializer
   53 |         static constexpr float [01;31m[Kx[m[K;
      |                                [01;31m[K^[m[K
[01m[K/home/gbekeadesiyun/software_training/src/software_training_assignment/include/software_training_assignment/circular_move_publisher.hpp:54:32:[m[K [01;31m[Kerror: [m[K‘[01m[Kconstexpr[m[K’ static data member ‘[01m[Ky[m[K’ must have an initializer
   54 |         static constexpr float [01;31m[Ky[m[K;
      |                                [01;31m[K^[m[K
[01m[K/home/gbekeadesiyun/software_training/src/software_training_assignment/include/software_training_assignment/circular_move_publisher.hpp:55:32:[m[K [01;31m[Kerror: [m[K‘[01m[Kconstexpr[m[K’ static data member ‘[01m[Kz[m[K’ must have an initializer
   55 |         static constexpr float [01;31m[Kz[m[K;
      |                                [01;31m[K^[m[K
[01m[K/home/gbekeadesiyun/software_training/src/software_training_assignment/src/circular_move_publisher.cpp:8:1:[m[K [01;31m[Kerror: [m[K‘[01m[KCircular_move_publisher[m[K’ does not name a type; did you mean ‘[01m[KCircular_move_publisher_hpp[m[K’?
    8 | [01;31m[KCircular_move_publisher[m[K::Circular_move_publisher(
      | [01;31m[K^~~~~~~~~~~~~~~~~~~~~~~[m[K
      | [32m[KCircular_move_publisher_hpp[m[K
[01m[K/home/gbekeadesiyun/software_training/src/software_training_assignment/src/circular_move_publisher.cpp:21:6:[m[K [01;31m[Kerror: [m[K‘[01m[KCircular_move_publisher[m[K’ has not been declared
   21 | void [01;31m[KCircular_move_publisher[m[K::timer_callback()
      |      [01;31m[K^~~~~~~~~~~~~~~~~~~~~~~[m[K
[01m[K/home/gbekeadesiyun/software_training/src/software_training_assignment/src/circular_move_publisher.cpp:[m[K In function ‘[01m[Kvoid composition::timer_callback()[m[K’:
[01m[K/home/gbekeadesiyun/software_training/src/software_training_assignment/src/circular_move_publisher.cpp:25:25:[m[K [01;31m[Kerror: [m[K‘[01m[KCircular_move_publisher[m[K’ has not been declared
   25 |     message->linear.x = [01;31m[KCircular_move_publisher[m[K::coordinates.linear.x;
      |                         [01;31m[K^~~~~~~~~~~~~~~~~~~~~~~[m[K
[01m[K/home/gbekeadesiyun/software_training/src/software_training_assignment/src/circular_move_publisher.cpp:26:25:[m[K [01;31m[Kerror: [m[K‘[01m[KCircular_move_publisher[m[K’ has not been declared
   26 |     message->linear.y = [01;31m[KCircular_move_publisher[m[K::coordinates.linear.y;
      |                         [01;31m[K^~~~~~~~~~~~~~~~~~~~~~~[m[K
[01m[K/home/gbekeadesiyun/software_training/src/software_training_assignment/src/circular_move_publisher.cpp:27:25:[m[K [01;31m[Kerror: [m[K‘[01m[KCircular_move_publisher[m[K’ has not been declared
   27 |     message->linear.z = [01;31m[KCircular_move_publisher[m[K::coordinates.linear.z;
      |                         [01;31m[K^~~~~~~~~~~~~~~~~~~~~~~[m[K
[01m[K/home/gbekeadesiyun/software_training/src/software_training_assignment/src/circular_move_publisher.cpp:29:26:[m[K [01;31m[Kerror: [m[K‘[01m[KCircular_move_publisher[m[K’ has not been declared
   29 |     message->angular.x = [01;31m[KCircular_move_publisher[m[K::coordinates.angular.x;
      |                          [01;31m[K^~~~~~~~~~~~~~~~~~~~~~~[m[K
[01m[K/home/gbekeadesiyun/software_training/src/software_training_assignment/src/circular_move_publisher.cpp:30:26:[m[K [01;31m[Kerror: [m[K‘[01m[KCircular_move_publisher[m[K’ has not been declared
   30 |     message->angular.y = [01;31m[KCircular_move_publisher[m[K::coordinates.angular.y;
      |                          [01;31m[K^~~~~~~~~~~~~~~~~~~~~~~[m[K
[01m[K/home/gbekeadesiyun/software_training/src/software_training_assignment/src/circular_move_publisher.cpp:31:26:[m[K [01;31m[Kerror: [m[K‘[01m[KCircular_move_publisher[m[K’ has not been declared
   31 |     message->angular.z = [01;31m[KCircular_move_publisher[m[K::coordinates.angular.z;
      |                          [01;31m[K^~~~~~~~~~~~~~~~~~~~~~~[m[K
[01m[K/home/gbekeadesiyun/software_training/src/software_training_assignment/src/circular_move_publisher.cpp:33:5:[m[K [01;31m[Kerror: [m[K‘[01m[Kpublisher[m[K’ was not declared in this scope
   33 |     [01;31m[Kpublisher[m[K->publish(std::move(message));
      |     [01;31m[K^~~~~~~~~[m[K
In file included from [01m[K/opt/ros/foxy/include/class_loader/class_loader.hpp:56[m[K,
                 from [01m[K/opt/ros/foxy/include/rclcpp_components/register_node_macro.hpp:18[m[K,
                 from [01m[K/home/gbekeadesiyun/software_training/src/software_training_assignment/src/circular_move_publisher.cpp:38[m[K:
[01m[K/home/gbekeadesiyun/software_training/src/software_training_assignment/src/circular_move_publisher.cpp:[m[K At global scope:
[01m[K/home/gbekeadesiyun/software_training/src/software_training_assignment/src/circular_move_publisher.cpp:41:46:[m[K [01;31m[Kerror: [m[K‘[01m[KCircular_move_publisher[m[K’ is not a member of ‘[01m[Kcomposition[m[K’; did you mean ‘[01m[KCircular_move_publisher_hpp[m[K’?
   41 | RCLCPP_COMPONENTS_REGISTER_NODE(composition::[01;31m[KCircular_move_publisher[m[K)
      |                                              [01;31m[K^~~~~~~~~~~~~~~~~~~~~~~[m[K
[01m[K/home/gbekeadesiyun/software_training/src/software_training_assignment/src/circular_move_publisher.cpp:41:46:[m[K [01;31m[Kerror: [m[K‘[01m[KCircular_move_publisher[m[K’ is not a member of ‘[01m[Kcomposition[m[K’; did you mean ‘[01m[KCircular_move_publisher_hpp[m[K’?
[01m[K/home/gbekeadesiyun/software_training/src/software_training_assignment/src/circular_move_publisher.cpp:41:1:[m[K [01;31m[Kerror: [m[Ktemplate argument 1 is invalid
   41 | [01;31m[KRCLCPP_COMPONENTS_REGISTER_NODE[m[K(composition::Circular_move_publisher)
      | [01;31m[K^~~~~~~~~~~~~~~~~~~~~~~~~~~~~~~[m[K
[01m[K/home/gbekeadesiyun/software_training/src/software_training_assignment/src/circular_move_publisher.cpp:50:1:[m[K [01;31m[Kerror: [m[Kexpected declaration before ‘[01m[K}[m[K’ token
   50 | [01;31m[K}[m[K
      | [01;31m[K^[m[K
In file included from [01m[K/opt/ros/foxy/include/class_loader/class_loader_core.hpp:57[m[K,
                 from [01m[K/opt/ros/foxy/include/class_loader/class_loader.hpp:55[m[K,
                 from [01m[K/opt/ros/foxy/include/rclcpp_components/register_node_macro.hpp:18[m[K,
                 from [01m[K/home/gbekeadesiyun/software_training/src/software_training_assignment/src/circular_move_publisher.cpp:38[m[K:
/opt/ros/foxy/include/class_loader/meta_object.hpp: In instantiation of ‘[01m[KB* class_loader::impl::MetaObject<C, B>::create() const [with C = int; B = rclcpp_components::NodeFactory][m[K’:
[01m[K/opt/ros/foxy/include/class_loader/meta_object.hpp:216:7:[m[K   required from here
[01m[K/opt/ros/foxy/include/class_loader/meta_object.hpp:218:12:[m[K [01;31m[Kerror: [m[Kcannot convert ‘[01m[Kint*[m[K’ to ‘[01m[Krclcpp_components::NodeFactory*[m[K’ in return
  218 |     return [01;31m[Knew C[m[K;
      |            [01;31m[K^~~~~[m[K
      |            [01;31m[K|[m[K
      |            [01;31m[Kint*[m[K
make[2]: *** [CMakeFiles/circular_publisher.dir/build.make:63: CMakeFiles/circular_publisher.dir/src/circular_move_publisher.cpp.o] Error 1
make[1]: *** [CMakeFiles/Makefile2:78: CMakeFiles/circular_publisher.dir/all] Error 2
make: *** [Makefile:95: all] Error 2
