[0.434s] DEBUG:colcon:Command line arguments: ['/usr/bin/colcon', 'build', '--packages-select', 'software_training_assignment']
[0.434s] DEBUG:colcon:Parsed command line arguments: Namespace(ament_cmake_args=None, base_paths=['.'], build_base='build', catkin_cmake_args=None, catkin_skip_building_tests=False, cmake_args=None, cmake_clean_cache=False, cmake_clean_first=False, cmake_force_configure=False, cmake_target=None, cmake_target_skip_unavailable=False, continue_on_error=False, event_handlers=None, executor='parallel', ignore_user_meta=False, install_base='install', log_base=None, log_level=None, main=<bound method BuildVerb.main of <colcon_core.verb.build.BuildVerb object at 0x7fd45d4079a0>>, merge_install=False, metas=['./colcon.meta'], packages_above=None, packages_above_and_dependencies=None, packages_above_depth=None, packages_end=None, packages_ignore=None, packages_ignore_regex=None, packages_select=['software_training_assignment'], packages_select_build_failed=False, packages_select_by_dep=None, packages_select_regex=None, packages_select_test_failures=False, packages_skip=None, packages_skip_build_finished=False, packages_skip_by_dep=None, packages_skip_regex=None, packages_skip_test_passed=False, packages_skip_up_to=None, packages_start=None, packages_up_to=None, packages_up_to_regex=None, parallel_workers=1, paths=None, symlink_install=False, test_result_base=None, verb_extension=<colcon_core.verb.build.BuildVerb object at 0x7fd45d4079a0>, verb_name='build', verb_parser=<colcon_defaults.argument_parser.defaults.DefaultArgumentsDecorator object at 0x7fd45d407f10>)
[0.457s] Level 1:colcon.colcon_core.package_discovery:discover_packages(colcon_meta) check parameters
[0.457s] Level 1:colcon.colcon_core.package_discovery:discover_packages(recursive) check parameters
[0.457s] Level 1:colcon.colcon_core.package_discovery:discover_packages(ignore) check parameters
[0.457s] Level 1:colcon.colcon_core.package_discovery:discover_packages(path) check parameters
[0.457s] Level 1:colcon.colcon_core.package_discovery:discover_packages(colcon_meta) discover
[0.458s] Level 1:colcon.colcon_core.package_discovery:discover_packages(recursive) discover
[0.458s] INFO:colcon.colcon_core.package_discovery:Crawling recursively for packages in '/home/gbekeadesiyun/software_training/src/software_training_assignment'
[0.458s] Level 1:colcon.colcon_core.package_identification:_identify(.) by extensions ['ignore', 'ignore_ament_install']
[0.458s] Level 1:colcon.colcon_core.package_identification:_identify(.) by extension 'ignore'
[0.458s] Level 1:colcon.colcon_core.package_identification:_identify(.) by extension 'ignore_ament_install'
[0.459s] Level 1:colcon.colcon_core.package_identification:_identify(.) by extensions ['colcon_pkg']
[0.459s] Level 1:colcon.colcon_core.package_identification:_identify(.) by extension 'colcon_pkg'
[0.459s] Level 1:colcon.colcon_core.package_identification:_identify(.) by extensions ['colcon_meta']
[0.459s] Level 1:colcon.colcon_core.package_identification:_identify(.) by extension 'colcon_meta'
[0.459s] Level 1:colcon.colcon_core.package_identification:_identify(.) by extensions ['ros']
[0.459s] Level 1:colcon.colcon_core.package_identification:_identify(.) by extension 'ros'
[0.493s] DEBUG:colcon.colcon_core.package_identification:Package '.' with type 'ros.ament_cmake' and name 'software_training_assignment'
[0.493s] Level 1:colcon.colcon_core.package_discovery:discover_packages(recursive) using defaults
[0.493s] Level 1:colcon.colcon_core.package_discovery:discover_packages(ignore) discover
[0.493s] Level 1:colcon.colcon_core.package_discovery:discover_packages(ignore) using defaults
[0.493s] Level 1:colcon.colcon_core.package_discovery:discover_packages(path) discover
[0.493s] Level 1:colcon.colcon_core.package_discovery:discover_packages(path) using defaults
[0.540s] Level 5:colcon.colcon_core.verb:set package 'software_training_assignment' build argument 'cmake_args' from command line to 'None'
[0.540s] Level 5:colcon.colcon_core.verb:set package 'software_training_assignment' build argument 'cmake_target' from command line to 'None'
[0.540s] Level 5:colcon.colcon_core.verb:set package 'software_training_assignment' build argument 'cmake_target_skip_unavailable' from command line to 'False'
[0.540s] Level 5:colcon.colcon_core.verb:set package 'software_training_assignment' build argument 'cmake_clean_cache' from command line to 'False'
[0.540s] Level 5:colcon.colcon_core.verb:set package 'software_training_assignment' build argument 'cmake_clean_first' from command line to 'False'
[0.540s] Level 5:colcon.colcon_core.verb:set package 'software_training_assignment' build argument 'cmake_force_configure' from command line to 'False'
[0.540s] Level 5:colcon.colcon_core.verb:set package 'software_training_assignment' build argument 'ament_cmake_args' from command line to 'None'
[0.540s] Level 5:colcon.colcon_core.verb:set package 'software_training_assignment' build argument 'catkin_cmake_args' from command line to 'None'
[0.540s] Level 5:colcon.colcon_core.verb:set package 'software_training_assignment' build argument 'catkin_skip_building_tests' from command line to 'False'
[0.540s] DEBUG:colcon.colcon_core.verb:Building package 'software_training_assignment' with the following arguments: {'ament_cmake_args': None, 'build_base': '/home/gbekeadesiyun/software_training/src/software_training_assignment/build/software_training_assignment', 'catkin_cmake_args': None, 'catkin_skip_building_tests': False, 'cmake_args': None, 'cmake_clean_cache': False, 'cmake_clean_first': False, 'cmake_force_configure': False, 'cmake_target': None, 'cmake_target_skip_unavailable': False, 'install_base': '/home/gbekeadesiyun/software_training/src/software_training_assignment/install/software_training_assignment', 'merge_install': False, 'path': '/home/gbekeadesiyun/software_training/src/software_training_assignment', 'symlink_install': False, 'test_result_base': None}
[0.541s] INFO:colcon.colcon_core.executor:Executing jobs using 'parallel' executor
[0.545s] DEBUG:colcon.colcon_parallel_executor.executor.parallel:run_until_complete
[0.545s] INFO:colcon.colcon_ros.task.ament_cmake.build:Building ROS package in '/home/gbekeadesiyun/software_training/src/software_training_assignment' with build type 'ament_cmake'
[0.545s] INFO:colcon.colcon_cmake.task.cmake.build:Building CMake package in '/home/gbekeadesiyun/software_training/src/software_training_assignment'
[0.564s] INFO:colcon.colcon_core.plugin_system:Skipping extension 'colcon_core.shell.bat': Not used on non-Windows systems
[0.564s] INFO:colcon.colcon_core.shell:Skip shell extension 'powershell' for command environment: Not usable outside of PowerShell
[0.564s] DEBUG:colcon.colcon_core.shell:Skip shell extension 'dsv' for command environment
[0.581s] DEBUG:colcon.colcon_core.shell:Ignoring prefix path '/opt/ros/foxy'
[0.623s] DEBUG:colcon.colcon_core.event_handler.log_command:Invoking command in '/home/gbekeadesiyun/software_training/src/software_training_assignment/build/software_training_assignment': CMAKE_PREFIX_PATH=/opt/ros/foxy /usr/bin/cmake /home/gbekeadesiyun/software_training/src/software_training_assignment -DCMAKE_INSTALL_PREFIX=/home/gbekeadesiyun/software_training/src/software_training_assignment/install/software_training_assignment
[3.334s] DEBUG:colcon.colcon_core.event_handler.log_command:Invoked command in '/home/gbekeadesiyun/software_training/src/software_training_assignment/build/software_training_assignment' returned '0': CMAKE_PREFIX_PATH=/opt/ros/foxy /usr/bin/cmake /home/gbekeadesiyun/software_training/src/software_training_assignment -DCMAKE_INSTALL_PREFIX=/home/gbekeadesiyun/software_training/src/software_training_assignment/install/software_training_assignment
[3.334s] DEBUG:colcon.colcon_core.event_handler.log_command:Invoking command in '/home/gbekeadesiyun/software_training/src/software_training_assignment/build/software_training_assignment': CMAKE_PREFIX_PATH=/opt/ros/foxy /usr/bin/cmake --build /home/gbekeadesiyun/software_training/src/software_training_assignment/build/software_training_assignment -- -j1 -l1
[7.200s] DEBUG:colcon.colcon_core.event_handler.log_command:Invoked command in '/home/gbekeadesiyun/software_training/src/software_training_assignment/build/software_training_assignment' returned '0': CMAKE_PREFIX_PATH=/opt/ros/foxy /usr/bin/cmake --build /home/gbekeadesiyun/software_training/src/software_training_assignment/build/software_training_assignment -- -j1 -l1
[7.248s] DEBUG:colcon.colcon_core.event_handler.log_command:Invoking command in '/home/gbekeadesiyun/software_training/src/software_training_assignment/build/software_training_assignment': CMAKE_PREFIX_PATH=/opt/ros/foxy /usr/bin/cmake --install /home/gbekeadesiyun/software_training/src/software_training_assignment/build/software_training_assignment
[7.273s] Level 1:colcon.colcon_core.environment:create_environment_scripts_only(software_training_assignment)
[7.274s] DEBUG:colcon.colcon_core.event_handler.log_command:Invoked command in '/home/gbekeadesiyun/software_training/src/software_training_assignment/build/software_training_assignment' returned '0': CMAKE_PREFIX_PATH=/opt/ros/foxy /usr/bin/cmake --install /home/gbekeadesiyun/software_training/src/software_training_assignment/build/software_training_assignment
[7.284s] Level 1:colcon.colcon_core.environment:checking '/home/gbekeadesiyun/software_training/src/software_training_assignment/install/software_training_assignment' for CMake module files
[7.285s] Level 1:colcon.colcon_core.environment:checking '/home/gbekeadesiyun/software_training/src/software_training_assignment/install/software_training_assignment' for CMake config files
[7.285s] Level 1:colcon.colcon_core.shell:create_environment_hook('software_training_assignment', 'cmake_prefix_path')
[7.285s] INFO:colcon.colcon_core.shell:Creating environment hook '/home/gbekeadesiyun/software_training/src/software_training_assignment/install/software_training_assignment/share/software_training_assignment/hook/cmake_prefix_path.ps1'
[7.287s] INFO:colcon.colcon_core.shell:Creating environment descriptor '/home/gbekeadesiyun/software_training/src/software_training_assignment/install/software_training_assignment/share/software_training_assignment/hook/cmake_prefix_path.dsv'
[7.288s] INFO:colcon.colcon_core.shell:Creating environment hook '/home/gbekeadesiyun/software_training/src/software_training_assignment/install/software_training_assignment/share/software_training_assignment/hook/cmake_prefix_path.sh'
[7.290s] Level 1:colcon.colcon_core.environment:checking '/home/gbekeadesiyun/software_training/src/software_training_assignment/install/software_training_assignment/lib'
[7.290s] Level 1:colcon.colcon_core.environment:checking '/home/gbekeadesiyun/software_training/src/software_training_assignment/install/software_training_assignment/bin'
[7.290s] Level 1:colcon.colcon_core.environment:checking '/home/gbekeadesiyun/software_training/src/software_training_assignment/install/software_training_assignment/lib/pkgconfig/software_training_assignment.pc'
[7.290s] Level 1:colcon.colcon_core.environment:checking '/home/gbekeadesiyun/software_training/src/software_training_assignment/install/software_training_assignment/lib/python3.8/site-packages'
[7.291s] INFO:colcon.colcon_core.shell:Creating package script '/home/gbekeadesiyun/software_training/src/software_training_assignment/install/software_training_assignment/share/software_training_assignment/package.ps1'
[7.292s] INFO:colcon.colcon_core.shell:Creating package descriptor '/home/gbekeadesiyun/software_training/src/software_training_assignment/install/software_training_assignment/share/software_training_assignment/package.dsv'
[7.293s] INFO:colcon.colcon_core.shell:Creating package script '/home/gbekeadesiyun/software_training/src/software_training_assignment/install/software_training_assignment/share/software_training_assignment/package.sh'
[7.294s] INFO:colcon.colcon_core.shell:Creating package script '/home/gbekeadesiyun/software_training/src/software_training_assignment/install/software_training_assignment/share/software_training_assignment/package.bash'
[7.295s] INFO:colcon.colcon_core.shell:Creating package script '/home/gbekeadesiyun/software_training/src/software_training_assignment/install/software_training_assignment/share/software_training_assignment/package.zsh'
[7.297s] Level 1:colcon.colcon_core.environment:create_file_with_runtime_dependencies(/home/gbekeadesiyun/software_training/src/software_training_assignment/install/software_training_assignment/share/colcon-core/packages/software_training_assignment)
[7.322s] Level 1:colcon.colcon_core.environment:create_environment_scripts_only(software_training_assignment)
[7.323s] Level 1:colcon.colcon_core.environment:checking '/home/gbekeadesiyun/software_training/src/software_training_assignment/install/software_training_assignment' for CMake module files
[7.324s] Level 1:colcon.colcon_core.environment:checking '/home/gbekeadesiyun/software_training/src/software_training_assignment/install/software_training_assignment' for CMake config files
[7.324s] Level 1:colcon.colcon_core.shell:create_environment_hook('software_training_assignment', 'cmake_prefix_path')
[7.324s] INFO:colcon.colcon_core.shell:Creating environment hook '/home/gbekeadesiyun/software_training/src/software_training_assignment/install/software_training_assignment/share/software_training_assignment/hook/cmake_prefix_path.ps1'
[7.325s] INFO:colcon.colcon_core.shell:Creating environment descriptor '/home/gbekeadesiyun/software_training/src/software_training_assignment/install/software_training_assignment/share/software_training_assignment/hook/cmake_prefix_path.dsv'
[7.325s] INFO:colcon.colcon_core.shell:Creating environment hook '/home/gbekeadesiyun/software_training/src/software_training_assignment/install/software_training_assignment/share/software_training_assignment/hook/cmake_prefix_path.sh'
[7.326s] Level 1:colcon.colcon_core.environment:checking '/home/gbekeadesiyun/software_training/src/software_training_assignment/install/software_training_assignment/lib'
[7.326s] Level 1:colcon.colcon_core.environment:checking '/home/gbekeadesiyun/software_training/src/software_training_assignment/install/software_training_assignment/bin'
[7.326s] Level 1:colcon.colcon_core.environment:checking '/home/gbekeadesiyun/software_training/src/software_training_assignment/install/software_training_assignment/lib/pkgconfig/software_training_assignment.pc'
[7.327s] Level 1:colcon.colcon_core.environment:checking '/home/gbekeadesiyun/software_training/src/software_training_assignment/install/software_training_assignment/lib/python3.8/site-packages'
[7.327s] INFO:colcon.colcon_core.shell:Creating package script '/home/gbekeadesiyun/software_training/src/software_training_assignment/install/software_training_assignment/share/software_training_assignment/package.ps1'
[7.328s] INFO:colcon.colcon_core.shell:Creating package descriptor '/home/gbekeadesiyun/software_training/src/software_training_assignment/install/software_training_assignment/share/software_training_assignment/package.dsv'
[7.328s] INFO:colcon.colcon_core.shell:Creating package script '/home/gbekeadesiyun/software_training/src/software_training_assignment/install/software_training_assignment/share/software_training_assignment/package.sh'
[7.329s] INFO:colcon.colcon_core.shell:Creating package script '/home/gbekeadesiyun/software_training/src/software_training_assignment/install/software_training_assignment/share/software_training_assignment/package.bash'
[7.330s] INFO:colcon.colcon_core.shell:Creating package script '/home/gbekeadesiyun/software_training/src/software_training_assignment/install/software_training_assignment/share/software_training_assignment/package.zsh'
[7.330s] Level 1:colcon.colcon_core.environment:create_file_with_runtime_dependencies(/home/gbekeadesiyun/software_training/src/software_training_assignment/install/software_training_assignment/share/colcon-core/packages/software_training_assignment)
[7.331s] DEBUG:colcon.colcon_parallel_executor.executor.parallel:closing loop
[7.331s] DEBUG:colcon.colcon_parallel_executor.executor.parallel:loop closed
[7.331s] DEBUG:colcon.colcon_parallel_executor.executor.parallel:run_until_complete finished with '0'
[7.332s] DEBUG:colcon.colcon_core.event_reactor:joining thread
[7.352s] INFO:colcon.colcon_core.plugin_system:Skipping extension 'colcon_notification.desktop_notification.terminal_notifier': Not used on non-Darwin systems
[7.352s] INFO:colcon.colcon_core.plugin_system:Skipping extension 'colcon_notification.desktop_notification.win32': Not used on non-Windows systems
[7.352s] INFO:colcon.colcon_notification.desktop_notification:Sending desktop notification using 'notify2'
[7.547s] DEBUG:colcon.colcon_core.event_reactor:joined thread
[7.548s] INFO:colcon.colcon_core.shell:Creating prefix script '/home/gbekeadesiyun/software_training/src/software_training_assignment/install/local_setup.ps1'
[7.550s] INFO:colcon.colcon_core.shell:Creating prefix util module '/home/gbekeadesiyun/software_training/src/software_training_assignment/install/_local_setup_util_ps1.py'
[7.552s] INFO:colcon.colcon_core.shell:Creating prefix chain script '/home/gbekeadesiyun/software_training/src/software_training_assignment/install/setup.ps1'
[7.558s] INFO:colcon.colcon_core.shell:Creating prefix script '/home/gbekeadesiyun/software_training/src/software_training_assignment/install/local_setup.sh'
[7.559s] INFO:colcon.colcon_core.shell:Creating prefix util module '/home/gbekeadesiyun/software_training/src/software_training_assignment/install/_local_setup_util_sh.py'
[7.559s] INFO:colcon.colcon_core.shell:Creating prefix chain script '/home/gbekeadesiyun/software_training/src/software_training_assignment/install/setup.sh'
[7.563s] INFO:colcon.colcon_core.shell:Creating prefix script '/home/gbekeadesiyun/software_training/src/software_training_assignment/install/local_setup.bash'
[7.566s] INFO:colcon.colcon_core.shell:Creating prefix chain script '/home/gbekeadesiyun/software_training/src/software_training_assignment/install/setup.bash'
[7.570s] INFO:colcon.colcon_core.shell:Creating prefix script '/home/gbekeadesiyun/software_training/src/software_training_assignment/install/local_setup.zsh'
[7.574s] INFO:colcon.colcon_core.shell:Creating prefix chain script '/home/gbekeadesiyun/software_training/src/software_training_assignment/install/setup.zsh'
