[0.047s] Invoking command in '/home/gbekeadesiyun/software_training/src/software_training_assignment/build/software_training_assignment': CMAKE_PREFIX_PATH=/opt/ros/foxy /usr/bin/cmake --build /home/gbekeadesiyun/software_training/src/software_training_assignment/build/software_training_assignment -- -j1 -l1
[0.201s] [ 50%] [32mBuilding CXX object CMakeFiles/circular_publisher.dir/src/circular_move_publisher.cpp.o[0m
[2.539s] In file included from [01m[K/home/gbekeadesiyun/software_training/src/software_training_assignment/src/circular_move_publisher.cpp:1[m[K:
[2.539s] [01m[K/home/gbekeadesiyun/software_training/src/software_training_assignment/include/software_training_assignment/circular_move_publisher.hpp:20:5:[m[K [01;31m[Kerror: [m[K‘[01m[KSOFTWARE_TRAINING_ASSIGNMENT_PUBLIC[m[K’ does not name a type
[2.540s]    20 |     [01;31m[KSOFTWARE_TRAINING_ASSIGNMENT_PUBLIC[m[K
[2.540s]       |     [01;31m[K^~~~~~~~~~~~~~~~~~~~~~~~~~~~~~~~~~~[m[K
[2.547s] [01m[K/home/gbekeadesiyun/software_training/src/software_training_assignment/include/software_training_assignment/circular_move_publisher.hpp:37:31:[m[K [01;31m[Kerror: [m[K‘[01m[Kconstexpr[m[K’ static data member ‘[01m[Kmy_queue[m[K’ must have an initializer
[2.547s]    37 | static constexpr unsigned int [01;31m[Kmy_queue[m[K[10];
[2.547s]       |                               [01;31m[K^~~~~~~~[m[K
[2.547s] [01m[K/home/gbekeadesiyun/software_training/src/software_training_assignment/include/software_training_assignment/circular_move_publisher.hpp:44:32:[m[K [01;31m[Kerror: [m[K‘[01m[Kconstexpr[m[K’ static data member ‘[01m[Kx[m[K’ must have an initializer
[2.547s]    44 |         static constexpr float [01;31m[Kx[m[K;
[2.547s]       |                                [01;31m[K^[m[K
[2.548s] [01m[K/home/gbekeadesiyun/software_training/src/software_training_assignment/include/software_training_assignment/circular_move_publisher.hpp:45:32:[m[K [01;31m[Kerror: [m[K‘[01m[Kconstexpr[m[K’ static data member ‘[01m[Ky[m[K’ must have an initializer
[2.548s]    45 |         static constexpr float [01;31m[Ky[m[K;
[2.548s]       |                                [01;31m[K^[m[K
[2.548s] [01m[K/home/gbekeadesiyun/software_training/src/software_training_assignment/include/software_training_assignment/circular_move_publisher.hpp:46:32:[m[K [01;31m[Kerror: [m[K‘[01m[Kconstexpr[m[K’ static data member ‘[01m[Kz[m[K’ must have an initializer
[2.548s]    46 |         static constexpr float [01;31m[Kz[m[K;
[2.548s]       |                                [01;31m[K^[m[K
[2.548s] [01m[K/home/gbekeadesiyun/software_training/src/software_training_assignment/include/software_training_assignment/circular_move_publisher.hpp:53:32:[m[K [01;31m[Kerror: [m[K‘[01m[Kconstexpr[m[K’ static data member ‘[01m[Kx[m[K’ must have an initializer
[2.548s]    53 |         static constexpr float [01;31m[Kx[m[K;
[2.549s]       |                                [01;31m[K^[m[K
[2.549s] [01m[K/home/gbekeadesiyun/software_training/src/software_training_assignment/include/software_training_assignment/circular_move_publisher.hpp:54:32:[m[K [01;31m[Kerror: [m[K‘[01m[Kconstexpr[m[K’ static data member ‘[01m[Ky[m[K’ must have an initializer
[2.549s]    54 |         static constexpr float [01;31m[Ky[m[K;
[2.549s]       |                                [01;31m[K^[m[K
[2.551s] [01m[K/home/gbekeadesiyun/software_training/src/software_training_assignment/include/software_training_assignment/circular_move_publisher.hpp:55:32:[m[K [01;31m[Kerror: [m[K‘[01m[Kconstexpr[m[K’ static data member ‘[01m[Kz[m[K’ must have an initializer
[2.552s]    55 |         static constexpr float [01;31m[Kz[m[K;
[2.552s]       |                                [01;31m[K^[m[K
[2.554s] [01m[K/home/gbekeadesiyun/software_training/src/software_training_assignment/src/circular_move_publisher.cpp:8:1:[m[K [01;31m[Kerror: [m[K‘[01m[KCircular_move_publisher[m[K’ does not name a type; did you mean ‘[01m[KCircular_move_publisher_hpp[m[K’?
[2.555s]     8 | [01;31m[KCircular_move_publisher[m[K::Circular_move_publisher(
[2.555s]       | [01;31m[K^~~~~~~~~~~~~~~~~~~~~~~[m[K
[2.555s]       | [32m[KCircular_move_publisher_hpp[m[K
[2.555s] [01m[K/home/gbekeadesiyun/software_training/src/software_training_assignment/src/circular_move_publisher.cpp:21:6:[m[K [01;31m[Kerror: [m[K‘[01m[KCircular_move_publisher[m[K’ has not been declared
[2.555s]    21 | void [01;31m[KCircular_move_publisher[m[K::timer_callback()
[2.555s]       |      [01;31m[K^~~~~~~~~~~~~~~~~~~~~~~[m[K
[2.562s] [01m[K/home/gbekeadesiyun/software_training/src/software_training_assignment/src/circular_move_publisher.cpp:[m[K In function ‘[01m[Kvoid composition::timer_callback()[m[K’:
[2.562s] [01m[K/home/gbekeadesiyun/software_training/src/software_training_assignment/src/circular_move_publisher.cpp:25:25:[m[K [01;31m[Kerror: [m[K‘[01m[Kcircular_move_publisher[m[K’ has not been declared
[2.562s]    25 |     message->linear.x = [01;31m[Kcircular_move_publisher[m[K::coordinates.linear.x;
[2.562s]       |                         [01;31m[K^~~~~~~~~~~~~~~~~~~~~~~[m[K
[2.562s] [01m[K/home/gbekeadesiyun/software_training/src/software_training_assignment/src/circular_move_publisher.cpp:26:25:[m[K [01;31m[Kerror: [m[K‘[01m[Kcircular_move_publisher[m[K’ has not been declared
[2.562s]    26 |     message->linear.y = [01;31m[Kcircular_move_publisher[m[K::coordinates.linear.y;
[2.563s]       |                         [01;31m[K^~~~~~~~~~~~~~~~~~~~~~~[m[K
[2.563s] [01m[K/home/gbekeadesiyun/software_training/src/software_training_assignment/src/circular_move_publisher.cpp:27:25:[m[K [01;31m[Kerror: [m[K‘[01m[Kcircular_move_publisher[m[K’ has not been declared
[2.563s]    27 |     message->linear.z = [01;31m[Kcircular_move_publisher[m[K::coordinates.linear.z;
[2.563s]       |                         [01;31m[K^~~~~~~~~~~~~~~~~~~~~~~[m[K
[2.563s] [01m[K/home/gbekeadesiyun/software_training/src/software_training_assignment/src/circular_move_publisher.cpp:29:26:[m[K [01;31m[Kerror: [m[K‘[01m[Kcircular_move_publisher[m[K’ has not been declared
[2.563s]    29 |     message->angular.x = [01;31m[Kcircular_move_publisher[m[K::coordinates.angular.x;
[2.563s]       |                          [01;31m[K^~~~~~~~~~~~~~~~~~~~~~~[m[K
[2.564s] [01m[K/home/gbekeadesiyun/software_training/src/software_training_assignment/src/circular_move_publisher.cpp:30:26:[m[K [01;31m[Kerror: [m[K‘[01m[Kcircular_move_publisher[m[K’ has not been declared
[2.564s]    30 |     message->angular.y = [01;31m[Kcircular_move_publisher[m[K::coordinates.angular.y;
[2.564s]       |                          [01;31m[K^~~~~~~~~~~~~~~~~~~~~~~[m[K
[2.564s] [01m[K/home/gbekeadesiyun/software_training/src/software_training_assignment/src/circular_move_publisher.cpp:31:26:[m[K [01;31m[Kerror: [m[K‘[01m[Kcircular_move_publisher[m[K’ has not been declared
[2.564s]    31 |     message->angular.z = [01;31m[Kcircular_move_publisher[m[K::coordinates.angular.z;
[2.564s]       |                          [01;31m[K^~~~~~~~~~~~~~~~~~~~~~~[m[K
[2.565s] [01m[K/home/gbekeadesiyun/software_training/src/software_training_assignment/src/circular_move_publisher.cpp:33:5:[m[K [01;31m[Kerror: [m[Kinvalid use of ‘[01m[Kthis[m[K’ in non-member function
[2.565s]    33 |     [01;31m[Kthis[m[K->publisher->publish(std::move(message));
[2.565s]       |     [01;31m[K^~~~[m[K
[2.584s] In file included from [01m[K/opt/ros/foxy/include/class_loader/class_loader.hpp:56[m[K,
[2.585s]                  from [01m[K/opt/ros/foxy/include/rclcpp_components/register_node_macro.hpp:18[m[K,
[2.585s]                  from [01m[K/home/gbekeadesiyun/software_training/src/software_training_assignment/src/circular_move_publisher.cpp:38[m[K:
[2.585s] [01m[K/home/gbekeadesiyun/software_training/src/software_training_assignment/src/circular_move_publisher.cpp:[m[K At global scope:
[2.585s] [01m[K/home/gbekeadesiyun/software_training/src/software_training_assignment/src/circular_move_publisher.cpp:41:46:[m[K [01;31m[Kerror: [m[K‘[01m[KCircular_move_publisher[m[K’ is not a member of ‘[01m[Kcomposition[m[K’; did you mean ‘[01m[KCircular_move_publisher_hpp[m[K’?
[2.585s]    41 | RCLCPP_COMPONENTS_REGISTER_NODE(composition::[01;31m[KCircular_move_publisher[m[K)
[2.585s]       |                                              [01;31m[K^~~~~~~~~~~~~~~~~~~~~~~[m[K
[2.586s] [01m[K/home/gbekeadesiyun/software_training/src/software_training_assignment/src/circular_move_publisher.cpp:41:46:[m[K [01;31m[Kerror: [m[K‘[01m[KCircular_move_publisher[m[K’ is not a member of ‘[01m[Kcomposition[m[K’; did you mean ‘[01m[KCircular_move_publisher_hpp[m[K’?
[2.586s] [01m[K/home/gbekeadesiyun/software_training/src/software_training_assignment/src/circular_move_publisher.cpp:41:1:[m[K [01;31m[Kerror: [m[Ktemplate argument 1 is invalid
[2.586s]    41 | [01;31m[KRCLCPP_COMPONENTS_REGISTER_NODE[m[K(composition::Circular_move_publisher)
[2.586s]       | [01;31m[K^~~~~~~~~~~~~~~~~~~~~~~~~~~~~~~[m[K
[2.587s] [01m[K/home/gbekeadesiyun/software_training/src/software_training_assignment/src/circular_move_publisher.cpp:50:1:[m[K [01;31m[Kerror: [m[Kexpected declaration before ‘[01m[K}[m[K’ token
[2.588s]    50 | [01;31m[K}[m[K
[2.588s]       | [01;31m[K^[m[K
[3.053s] In file included from [01m[K/opt/ros/foxy/include/class_loader/class_loader_core.hpp:57[m[K,
[3.054s]                  from [01m[K/opt/ros/foxy/include/class_loader/class_loader.hpp:55[m[K,
[3.054s]                  from [01m[K/opt/ros/foxy/include/rclcpp_components/register_node_macro.hpp:18[m[K,
[3.054s]                  from [01m[K/home/gbekeadesiyun/software_training/src/software_training_assignment/src/circular_move_publisher.cpp:38[m[K:
[3.054s] /opt/ros/foxy/include/class_loader/meta_object.hpp: In instantiation of ‘[01m[KB* class_loader::impl::MetaObject<C, B>::create() const [with C = int; B = rclcpp_components::NodeFactory][m[K’:
[3.054s] [01m[K/opt/ros/foxy/include/class_loader/meta_object.hpp:216:7:[m[K   required from here
[3.054s] [01m[K/opt/ros/foxy/include/class_loader/meta_object.hpp:218:12:[m[K [01;31m[Kerror: [m[Kcannot convert ‘[01m[Kint*[m[K’ to ‘[01m[Krclcpp_components::NodeFactory*[m[K’ in return
[3.054s]   218 |     return [01;31m[Knew C[m[K;
[3.054s]       |            [01;31m[K^~~~~[m[K
[3.054s]       |            [01;31m[K|[m[K
[3.054s]       |            [01;31m[Kint*[m[K
[3.156s] make[2]: *** [CMakeFiles/circular_publisher.dir/build.make:63: CMakeFiles/circular_publisher.dir/src/circular_move_publisher.cpp.o] Error 1
[3.157s] make[1]: *** [CMakeFiles/Makefile2:78: CMakeFiles/circular_publisher.dir/all] Error 2
[3.159s] make: *** [Makefile:95: all] Error 2
[3.161s] Invoked command in '/home/gbekeadesiyun/software_training/src/software_training_assignment/build/software_training_assignment' returned '2': CMAKE_PREFIX_PATH=/opt/ros/foxy /usr/bin/cmake --build /home/gbekeadesiyun/software_training/src/software_training_assignment/build/software_training_assignment -- -j1 -l1
