[0.279s] DEBUG:colcon:Command line arguments: ['/usr/bin/colcon', 'build', '--packages-select', 'software_training_assignment']
[0.279s] DEBUG:colcon:Parsed command line arguments: Namespace(ament_cmake_args=None, base_paths=['.'], build_base='build', catkin_cmake_args=None, catkin_skip_building_tests=False, cmake_args=None, cmake_clean_cache=False, cmake_clean_first=False, cmake_force_configure=False, cmake_target=None, cmake_target_skip_unavailable=False, continue_on_error=False, event_handlers=None, executor='parallel', ignore_user_meta=False, install_base='install', log_base=None, log_level=None, main=<bound method BuildVerb.main of <colcon_core.verb.build.BuildVerb object at 0x7f9d66970a00>>, merge_install=False, metas=['./colcon.meta'], packages_above=None, packages_above_and_dependencies=None, packages_above_depth=None, packages_end=None, packages_ignore=None, packages_ignore_regex=None, packages_select=['software_training_assignment'], packages_select_build_failed=False, packages_select_by_dep=None, packages_select_regex=None, packages_select_test_failures=False, packages_skip=None, packages_skip_build_finished=False, packages_skip_by_dep=None, packages_skip_regex=None, packages_skip_test_passed=False, packages_skip_up_to=None, packages_start=None, packages_up_to=None, packages_up_to_regex=None, parallel_workers=1, paths=None, symlink_install=False, test_result_base=None, verb_extension=<colcon_core.verb.build.BuildVerb object at 0x7f9d66970a00>, verb_name='build', verb_parser=<colcon_defaults.argument_parser.defaults.DefaultArgumentsDecorator object at 0x7f9d66970f70>)
[0.284s] Level 1:colcon.colcon_core.package_discovery:discover_packages(colcon_meta) check parameters
[0.284s] Level 1:colcon.colcon_core.package_discovery:discover_packages(recursive) check parameters
[0.284s] Level 1:colcon.colcon_core.package_discovery:discover_packages(ignore) check parameters
[0.284s] Level 1:colcon.colcon_core.package_discovery:discover_packages(path) check parameters
[0.284s] Level 1:colcon.colcon_core.package_discovery:discover_packages(colcon_meta) discover
[0.284s] Level 1:colcon.colcon_core.package_discovery:discover_packages(recursive) discover
[0.284s] INFO:colcon.colcon_core.package_discovery:Crawling recursively for packages in '/home/gbekeadesiyun/software_training/src/software_training_assignment'
[0.284s] Level 1:colcon.colcon_core.package_identification:_identify(.) by extensions ['ignore', 'ignore_ament_install']
[0.284s] Level 1:colcon.colcon_core.package_identification:_identify(.) by extension 'ignore'
[0.284s] Level 1:colcon.colcon_core.package_identification:_identify(.) by extension 'ignore_ament_install'
[0.284s] Level 1:colcon.colcon_core.package_identification:_identify(.) by extensions ['colcon_pkg']
[0.284s] Level 1:colcon.colcon_core.package_identification:_identify(.) by extension 'colcon_pkg'
[0.284s] Level 1:colcon.colcon_core.package_identification:_identify(.) by extensions ['colcon_meta']
[0.285s] Level 1:colcon.colcon_core.package_identification:_identify(.) by extension 'colcon_meta'
[0.285s] Level 1:colcon.colcon_core.package_identification:_identify(.) by extensions ['ros']
[0.285s] Level 1:colcon.colcon_core.package_identification:_identify(.) by extension 'ros'
[0.299s] DEBUG:colcon.colcon_core.package_identification:Package '.' with type 'ros.ament_cmake' and name 'software_training_assignment'
[0.299s] Level 1:colcon.colcon_core.package_discovery:discover_packages(recursive) using defaults
[0.299s] Level 1:colcon.colcon_core.package_discovery:discover_packages(ignore) discover
[0.299s] Level 1:colcon.colcon_core.package_discovery:discover_packages(ignore) using defaults
[0.299s] Level 1:colcon.colcon_core.package_discovery:discover_packages(path) discover
[0.299s] Level 1:colcon.colcon_core.package_discovery:discover_packages(path) using defaults
[0.318s] Level 5:colcon.colcon_core.verb:set package 'software_training_assignment' build argument 'cmake_args' from command line to 'None'
[0.318s] Level 5:colcon.colcon_core.verb:set package 'software_training_assignment' build argument 'cmake_target' from command line to 'None'
[0.318s] Level 5:colcon.colcon_core.verb:set package 'software_training_assignment' build argument 'cmake_target_skip_unavailable' from command line to 'False'
[0.318s] Level 5:colcon.colcon_core.verb:set package 'software_training_assignment' build argument 'cmake_clean_cache' from command line to 'False'
[0.318s] Level 5:colcon.colcon_core.verb:set package 'software_training_assignment' build argument 'cmake_clean_first' from command line to 'False'
[0.318s] Level 5:colcon.colcon_core.verb:set package 'software_training_assignment' build argument 'cmake_force_configure' from command line to 'False'
[0.318s] Level 5:colcon.colcon_core.verb:set package 'software_training_assignment' build argument 'ament_cmake_args' from command line to 'None'
[0.318s] Level 5:colcon.colcon_core.verb:set package 'software_training_assignment' build argument 'catkin_cmake_args' from command line to 'None'
[0.319s] Level 5:colcon.colcon_core.verb:set package 'software_training_assignment' build argument 'catkin_skip_building_tests' from command line to 'False'
[0.319s] DEBUG:colcon.colcon_core.verb:Building package 'software_training_assignment' with the following arguments: {'ament_cmake_args': None, 'build_base': '/home/gbekeadesiyun/software_training/src/software_training_assignment/build/software_training_assignment', 'catkin_cmake_args': None, 'catkin_skip_building_tests': False, 'cmake_args': None, 'cmake_clean_cache': False, 'cmake_clean_first': False, 'cmake_force_configure': False, 'cmake_target': None, 'cmake_target_skip_unavailable': False, 'install_base': '/home/gbekeadesiyun/software_training/src/software_training_assignment/install/software_training_assignment', 'merge_install': False, 'path': '/home/gbekeadesiyun/software_training/src/software_training_assignment', 'symlink_install': False, 'test_result_base': None}
[0.319s] INFO:colcon.colcon_core.executor:Executing jobs using 'parallel' executor
[0.321s] DEBUG:colcon.colcon_parallel_executor.executor.parallel:run_until_complete
[0.321s] INFO:colcon.colcon_ros.task.ament_cmake.build:Building ROS package in '/home/gbekeadesiyun/software_training/src/software_training_assignment' with build type 'ament_cmake'
[0.321s] INFO:colcon.colcon_cmake.task.cmake.build:Building CMake package in '/home/gbekeadesiyun/software_training/src/software_training_assignment'
[0.324s] INFO:colcon.colcon_core.plugin_system:Skipping extension 'colcon_core.shell.bat': Not used on non-Windows systems
[0.324s] INFO:colcon.colcon_core.shell:Skip shell extension 'powershell' for command environment: Not usable outside of PowerShell
[0.324s] DEBUG:colcon.colcon_core.shell:Skip shell extension 'dsv' for command environment
[0.327s] DEBUG:colcon.colcon_core.shell:Ignoring prefix path '/opt/ros/foxy'
[0.335s] DEBUG:colcon.colcon_core.event_handler.log_command:Invoking command in '/home/gbekeadesiyun/software_training/src/software_training_assignment/build/software_training_assignment': CMAKE_PREFIX_PATH=/opt/ros/foxy /usr/bin/cmake --build /home/gbekeadesiyun/software_training/src/software_training_assignment/build/software_training_assignment -- -j1 -l1
[0.457s] DEBUG:colcon.colcon_core.event_handler.log_command:Invoked command in '/home/gbekeadesiyun/software_training/src/software_training_assignment/build/software_training_assignment' returned '2': CMAKE_PREFIX_PATH=/opt/ros/foxy /usr/bin/cmake --build /home/gbekeadesiyun/software_training/src/software_training_assignment/build/software_training_assignment -- -j1 -l1
[0.481s] Level 1:colcon.colcon_core.environment:create_environment_scripts_only(software_training_assignment)
[0.485s] Level 1:colcon.colcon_core.environment:checking '/home/gbekeadesiyun/software_training/src/software_training_assignment/install/software_training_assignment' for CMake module files
[0.485s] Level 1:colcon.colcon_core.environment:checking '/home/gbekeadesiyun/software_training/src/software_training_assignment/install/software_training_assignment' for CMake config files
[0.485s] Level 1:colcon.colcon_core.shell:create_environment_hook('software_training_assignment', 'cmake_prefix_path')
[0.486s] INFO:colcon.colcon_core.shell:Creating environment hook '/home/gbekeadesiyun/software_training/src/software_training_assignment/install/software_training_assignment/share/software_training_assignment/hook/cmake_prefix_path.ps1'
[0.487s] INFO:colcon.colcon_core.shell:Creating environment descriptor '/home/gbekeadesiyun/software_training/src/software_training_assignment/install/software_training_assignment/share/software_training_assignment/hook/cmake_prefix_path.dsv'
[0.487s] INFO:colcon.colcon_core.shell:Creating environment hook '/home/gbekeadesiyun/software_training/src/software_training_assignment/install/software_training_assignment/share/software_training_assignment/hook/cmake_prefix_path.sh'
[0.488s] Level 1:colcon.colcon_core.environment:checking '/home/gbekeadesiyun/software_training/src/software_training_assignment/install/software_training_assignment/lib'
[0.488s] Level 1:colcon.colcon_core.environment:checking '/home/gbekeadesiyun/software_training/src/software_training_assignment/install/software_training_assignment/bin'
[0.488s] Level 1:colcon.colcon_core.environment:checking '/home/gbekeadesiyun/software_training/src/software_training_assignment/install/software_training_assignment/lib/pkgconfig/software_training_assignment.pc'
[0.488s] Level 1:colcon.colcon_core.environment:checking '/home/gbekeadesiyun/software_training/src/software_training_assignment/install/software_training_assignment/lib/python3.8/site-packages'
[0.489s] INFO:colcon.colcon_core.shell:Creating package script '/home/gbekeadesiyun/software_training/src/software_training_assignment/install/software_training_assignment/share/software_training_assignment/package.ps1'
[0.490s] INFO:colcon.colcon_core.shell:Creating package descriptor '/home/gbekeadesiyun/software_training/src/software_training_assignment/install/software_training_assignment/share/software_training_assignment/package.dsv'
[0.490s] INFO:colcon.colcon_core.shell:Creating package script '/home/gbekeadesiyun/software_training/src/software_training_assignment/install/software_training_assignment/share/software_training_assignment/package.sh'
[0.491s] INFO:colcon.colcon_core.shell:Creating package script '/home/gbekeadesiyun/software_training/src/software_training_assignment/install/software_training_assignment/share/software_training_assignment/package.bash'
[0.492s] INFO:colcon.colcon_core.shell:Creating package script '/home/gbekeadesiyun/software_training/src/software_training_assignment/install/software_training_assignment/share/software_training_assignment/package.zsh'
[0.492s] Level 1:colcon.colcon_core.environment:create_file_with_runtime_dependencies(/home/gbekeadesiyun/software_training/src/software_training_assignment/install/software_training_assignment/share/colcon-core/packages/software_training_assignment)
[0.494s] DEBUG:colcon.colcon_parallel_executor.executor.parallel:closing loop
[0.494s] DEBUG:colcon.colcon_parallel_executor.executor.parallel:loop closed
[0.494s] DEBUG:colcon.colcon_parallel_executor.executor.parallel:run_until_complete finished with '2'
[0.494s] DEBUG:colcon.colcon_core.event_reactor:joining thread
[0.501s] INFO:colcon.colcon_core.plugin_system:Skipping extension 'colcon_notification.desktop_notification.terminal_notifier': Not used on non-Darwin systems
[0.501s] INFO:colcon.colcon_core.plugin_system:Skipping extension 'colcon_notification.desktop_notification.win32': Not used on non-Windows systems
[0.501s] INFO:colcon.colcon_notification.desktop_notification:Sending desktop notification using 'notify2'
[0.527s] DEBUG:colcon.colcon_core.event_reactor:joined thread
[0.528s] INFO:colcon.colcon_core.shell:Creating prefix script '/home/gbekeadesiyun/software_training/src/software_training_assignment/install/local_setup.ps1'
[0.529s] INFO:colcon.colcon_core.shell:Creating prefix util module '/home/gbekeadesiyun/software_training/src/software_training_assignment/install/_local_setup_util_ps1.py'
[0.530s] INFO:colcon.colcon_core.shell:Creating prefix chain script '/home/gbekeadesiyun/software_training/src/software_training_assignment/install/setup.ps1'
[0.535s] INFO:colcon.colcon_core.shell:Creating prefix script '/home/gbekeadesiyun/software_training/src/software_training_assignment/install/local_setup.sh'
[0.536s] INFO:colcon.colcon_core.shell:Creating prefix util module '/home/gbekeadesiyun/software_training/src/software_training_assignment/install/_local_setup_util_sh.py'
[0.536s] INFO:colcon.colcon_core.shell:Creating prefix chain script '/home/gbekeadesiyun/software_training/src/software_training_assignment/install/setup.sh'
[0.542s] INFO:colcon.colcon_core.shell:Creating prefix script '/home/gbekeadesiyun/software_training/src/software_training_assignment/install/local_setup.bash'
[0.543s] INFO:colcon.colcon_core.shell:Creating prefix chain script '/home/gbekeadesiyun/software_training/src/software_training_assignment/install/setup.bash'
[0.545s] INFO:colcon.colcon_core.shell:Creating prefix script '/home/gbekeadesiyun/software_training/src/software_training_assignment/install/local_setup.zsh'
[0.547s] INFO:colcon.colcon_core.shell:Creating prefix chain script '/home/gbekeadesiyun/software_training/src/software_training_assignment/install/setup.zsh'
