[0.848s] DEBUG:colcon:Command line arguments: ['/usr/bin/colcon', 'build', '--packages-select', 'software_training_assignment']
[0.848s] DEBUG:colcon:Parsed command line arguments: Namespace(ament_cmake_args=None, base_paths=['.'], build_base='build', catkin_cmake_args=None, catkin_skip_building_tests=False, cmake_args=None, cmake_clean_cache=False, cmake_clean_first=False, cmake_force_configure=False, cmake_target=None, cmake_target_skip_unavailable=False, continue_on_error=False, event_handlers=None, executor='parallel', ignore_user_meta=False, install_base='install', log_base=None, log_level=None, main=<bound method BuildVerb.main of <colcon_core.verb.build.BuildVerb object at 0x7f806863b9a0>>, merge_install=False, metas=['./colcon.meta'], packages_above=None, packages_above_and_dependencies=None, packages_above_depth=None, packages_end=None, packages_ignore=None, packages_ignore_regex=None, packages_select=['software_training_assignment'], packages_select_build_failed=False, packages_select_by_dep=None, packages_select_regex=None, packages_select_test_failures=False, packages_skip=None, packages_skip_build_finished=False, packages_skip_by_dep=None, packages_skip_regex=None, packages_skip_test_passed=False, packages_skip_up_to=None, packages_start=None, packages_up_to=None, packages_up_to_regex=None, parallel_workers=1, paths=None, symlink_install=False, test_result_base=None, verb_extension=<colcon_core.verb.build.BuildVerb object at 0x7f806863b9a0>, verb_name='build', verb_parser=<colcon_defaults.argument_parser.defaults.DefaultArgumentsDecorator object at 0x7f806863bf10>)
[0.862s] Level 1:colcon.colcon_core.package_discovery:discover_packages(colcon_meta) check parameters
[0.862s] Level 1:colcon.colcon_core.package_discovery:discover_packages(recursive) check parameters
[0.862s] Level 1:colcon.colcon_core.package_discovery:discover_packages(ignore) check parameters
[0.862s] Level 1:colcon.colcon_core.package_discovery:discover_packages(path) check parameters
[0.862s] Level 1:colcon.colcon_core.package_discovery:discover_packages(colcon_meta) discover
[0.862s] Level 1:colcon.colcon_core.package_discovery:discover_packages(recursive) discover
[0.862s] INFO:colcon.colcon_core.package_discovery:Crawling recursively for packages in '/home/gbekeadesiyun/software_training/src/software_training_assignment'
[0.862s] Level 1:colcon.colcon_core.package_identification:_identify(.) by extensions ['ignore', 'ignore_ament_install']
[0.862s] Level 1:colcon.colcon_core.package_identification:_identify(.) by extension 'ignore'
[0.862s] Level 1:colcon.colcon_core.package_identification:_identify(.) by extension 'ignore_ament_install'
[0.862s] Level 1:colcon.colcon_core.package_identification:_identify(.) by extensions ['colcon_pkg']
[0.862s] Level 1:colcon.colcon_core.package_identification:_identify(.) by extension 'colcon_pkg'
[0.862s] Level 1:colcon.colcon_core.package_identification:_identify(.) by extensions ['colcon_meta']
[0.862s] Level 1:colcon.colcon_core.package_identification:_identify(.) by extension 'colcon_meta'
[0.862s] Level 1:colcon.colcon_core.package_identification:_identify(.) by extensions ['ros']
[0.862s] Level 1:colcon.colcon_core.package_identification:_identify(.) by extension 'ros'
[0.886s] DEBUG:colcon.colcon_core.package_identification:Package '.' with type 'ros.ament_cmake' and name 'software_training_assignment'
[0.886s] Level 1:colcon.colcon_core.package_discovery:discover_packages(recursive) using defaults
[0.886s] Level 1:colcon.colcon_core.package_discovery:discover_packages(ignore) discover
[0.886s] Level 1:colcon.colcon_core.package_discovery:discover_packages(ignore) using defaults
[0.886s] Level 1:colcon.colcon_core.package_discovery:discover_packages(path) discover
[0.886s] Level 1:colcon.colcon_core.package_discovery:discover_packages(path) using defaults
[0.921s] Level 5:colcon.colcon_core.verb:set package 'software_training_assignment' build argument 'cmake_args' from command line to 'None'
[0.921s] Level 5:colcon.colcon_core.verb:set package 'software_training_assignment' build argument 'cmake_target' from command line to 'None'
[0.921s] Level 5:colcon.colcon_core.verb:set package 'software_training_assignment' build argument 'cmake_target_skip_unavailable' from command line to 'False'
[0.921s] Level 5:colcon.colcon_core.verb:set package 'software_training_assignment' build argument 'cmake_clean_cache' from command line to 'False'
[0.921s] Level 5:colcon.colcon_core.verb:set package 'software_training_assignment' build argument 'cmake_clean_first' from command line to 'False'
[0.921s] Level 5:colcon.colcon_core.verb:set package 'software_training_assignment' build argument 'cmake_force_configure' from command line to 'False'
[0.921s] Level 5:colcon.colcon_core.verb:set package 'software_training_assignment' build argument 'ament_cmake_args' from command line to 'None'
[0.921s] Level 5:colcon.colcon_core.verb:set package 'software_training_assignment' build argument 'catkin_cmake_args' from command line to 'None'
[0.921s] Level 5:colcon.colcon_core.verb:set package 'software_training_assignment' build argument 'catkin_skip_building_tests' from command line to 'False'
[0.921s] DEBUG:colcon.colcon_core.verb:Building package 'software_training_assignment' with the following arguments: {'ament_cmake_args': None, 'build_base': '/home/gbekeadesiyun/software_training/src/software_training_assignment/build/software_training_assignment', 'catkin_cmake_args': None, 'catkin_skip_building_tests': False, 'cmake_args': None, 'cmake_clean_cache': False, 'cmake_clean_first': False, 'cmake_force_configure': False, 'cmake_target': None, 'cmake_target_skip_unavailable': False, 'install_base': '/home/gbekeadesiyun/software_training/src/software_training_assignment/install/software_training_assignment', 'merge_install': False, 'path': '/home/gbekeadesiyun/software_training/src/software_training_assignment', 'symlink_install': False, 'test_result_base': None}
[0.922s] INFO:colcon.colcon_core.executor:Executing jobs using 'parallel' executor
[0.923s] DEBUG:colcon.colcon_parallel_executor.executor.parallel:run_until_complete
[0.923s] INFO:colcon.colcon_ros.task.ament_cmake.build:Building ROS package in '/home/gbekeadesiyun/software_training/src/software_training_assignment' with build type 'ament_cmake'
[0.924s] INFO:colcon.colcon_cmake.task.cmake.build:Building CMake package in '/home/gbekeadesiyun/software_training/src/software_training_assignment'
[0.934s] INFO:colcon.colcon_core.plugin_system:Skipping extension 'colcon_core.shell.bat': Not used on non-Windows systems
[0.934s] INFO:colcon.colcon_core.shell:Skip shell extension 'powershell' for command environment: Not usable outside of PowerShell
[0.934s] DEBUG:colcon.colcon_core.shell:Skip shell extension 'dsv' for command environment
[0.948s] DEBUG:colcon.colcon_core.shell:Ignoring prefix path '/opt/ros/foxy'
[0.972s] DEBUG:colcon.colcon_core.event_handler.log_command:Invoking command in '/home/gbekeadesiyun/software_training/src/software_training_assignment/build/software_training_assignment': CMAKE_PREFIX_PATH=/opt/ros/foxy /usr/bin/cmake --build /home/gbekeadesiyun/software_training/src/software_training_assignment/build/software_training_assignment -- -j1 -l1
[4.087s] DEBUG:colcon.colcon_core.event_handler.log_command:Invoked command in '/home/gbekeadesiyun/software_training/src/software_training_assignment/build/software_training_assignment' returned '2': CMAKE_PREFIX_PATH=/opt/ros/foxy /usr/bin/cmake --build /home/gbekeadesiyun/software_training/src/software_training_assignment/build/software_training_assignment -- -j1 -l1
[4.150s] Level 1:colcon.colcon_core.environment:create_environment_scripts_only(software_training_assignment)
[4.213s] Level 1:colcon.colcon_core.environment:checking '/home/gbekeadesiyun/software_training/src/software_training_assignment/install/software_training_assignment' for CMake module files
[4.233s] Level 1:colcon.colcon_core.environment:checking '/home/gbekeadesiyun/software_training/src/software_training_assignment/install/software_training_assignment' for CMake config files
[4.235s] Level 1:colcon.colcon_core.shell:create_environment_hook('software_training_assignment', 'cmake_prefix_path')
[4.237s] INFO:colcon.colcon_core.shell:Creating environment hook '/home/gbekeadesiyun/software_training/src/software_training_assignment/install/software_training_assignment/share/software_training_assignment/hook/cmake_prefix_path.ps1'
[4.247s] INFO:colcon.colcon_core.shell:Creating environment descriptor '/home/gbekeadesiyun/software_training/src/software_training_assignment/install/software_training_assignment/share/software_training_assignment/hook/cmake_prefix_path.dsv'
[4.250s] INFO:colcon.colcon_core.shell:Creating environment hook '/home/gbekeadesiyun/software_training/src/software_training_assignment/install/software_training_assignment/share/software_training_assignment/hook/cmake_prefix_path.sh'
[4.252s] Level 1:colcon.colcon_core.environment:checking '/home/gbekeadesiyun/software_training/src/software_training_assignment/install/software_training_assignment/lib'
[4.253s] Level 1:colcon.colcon_core.environment:checking '/home/gbekeadesiyun/software_training/src/software_training_assignment/install/software_training_assignment/bin'
[4.253s] Level 1:colcon.colcon_core.environment:checking '/home/gbekeadesiyun/software_training/src/software_training_assignment/install/software_training_assignment/lib/pkgconfig/software_training_assignment.pc'
[4.253s] Level 1:colcon.colcon_core.environment:checking '/home/gbekeadesiyun/software_training/src/software_training_assignment/install/software_training_assignment/lib/python3.8/site-packages'
[4.253s] INFO:colcon.colcon_core.shell:Creating package script '/home/gbekeadesiyun/software_training/src/software_training_assignment/install/software_training_assignment/share/software_training_assignment/package.ps1'
[4.263s] INFO:colcon.colcon_core.shell:Creating package descriptor '/home/gbekeadesiyun/software_training/src/software_training_assignment/install/software_training_assignment/share/software_training_assignment/package.dsv'
[4.268s] INFO:colcon.colcon_core.shell:Creating package script '/home/gbekeadesiyun/software_training/src/software_training_assignment/install/software_training_assignment/share/software_training_assignment/package.sh'
[4.277s] INFO:colcon.colcon_core.shell:Creating package script '/home/gbekeadesiyun/software_training/src/software_training_assignment/install/software_training_assignment/share/software_training_assignment/package.bash'
[4.286s] INFO:colcon.colcon_core.shell:Creating package script '/home/gbekeadesiyun/software_training/src/software_training_assignment/install/software_training_assignment/share/software_training_assignment/package.zsh'
[4.298s] Level 1:colcon.colcon_core.environment:create_file_with_runtime_dependencies(/home/gbekeadesiyun/software_training/src/software_training_assignment/install/software_training_assignment/share/colcon-core/packages/software_training_assignment)
[4.301s] DEBUG:colcon.colcon_parallel_executor.executor.parallel:closing loop
[4.304s] DEBUG:colcon.colcon_parallel_executor.executor.parallel:loop closed
[4.304s] DEBUG:colcon.colcon_parallel_executor.executor.parallel:run_until_complete finished with '2'
[4.305s] DEBUG:colcon.colcon_core.event_reactor:joining thread
[4.383s] INFO:colcon.colcon_core.plugin_system:Skipping extension 'colcon_notification.desktop_notification.terminal_notifier': Not used on non-Darwin systems
[4.383s] INFO:colcon.colcon_core.plugin_system:Skipping extension 'colcon_notification.desktop_notification.win32': Not used on non-Windows systems
[4.383s] INFO:colcon.colcon_notification.desktop_notification:Sending desktop notification using 'notify2'
[4.462s] DEBUG:colcon.colcon_core.event_reactor:joined thread
[4.463s] INFO:colcon.colcon_core.shell:Creating prefix script '/home/gbekeadesiyun/software_training/src/software_training_assignment/install/local_setup.ps1'
[4.464s] INFO:colcon.colcon_core.shell:Creating prefix util module '/home/gbekeadesiyun/software_training/src/software_training_assignment/install/_local_setup_util_ps1.py'
[4.466s] INFO:colcon.colcon_core.shell:Creating prefix chain script '/home/gbekeadesiyun/software_training/src/software_training_assignment/install/setup.ps1'
[4.480s] INFO:colcon.colcon_core.shell:Creating prefix script '/home/gbekeadesiyun/software_training/src/software_training_assignment/install/local_setup.sh'
[4.481s] INFO:colcon.colcon_core.shell:Creating prefix util module '/home/gbekeadesiyun/software_training/src/software_training_assignment/install/_local_setup_util_sh.py'
[4.481s] INFO:colcon.colcon_core.shell:Creating prefix chain script '/home/gbekeadesiyun/software_training/src/software_training_assignment/install/setup.sh'
[4.495s] INFO:colcon.colcon_core.shell:Creating prefix script '/home/gbekeadesiyun/software_training/src/software_training_assignment/install/local_setup.bash'
[4.499s] INFO:colcon.colcon_core.shell:Creating prefix chain script '/home/gbekeadesiyun/software_training/src/software_training_assignment/install/setup.bash'
[4.506s] INFO:colcon.colcon_core.shell:Creating prefix script '/home/gbekeadesiyun/software_training/src/software_training_assignment/install/local_setup.zsh'
[4.516s] INFO:colcon.colcon_core.shell:Creating prefix chain script '/home/gbekeadesiyun/software_training/src/software_training_assignment/install/setup.zsh'
