CMake Warning (dev) at CMakeLists.txt:32:
  Syntax Warning in cmake code at column 106

  Argument not separated from preceding token by whitespace.
This warning is for project developers.  Use -Wno-dev to suppress it.

-- Found ament_cmake: 0.9.8 (/opt/ros/foxy/share/ament_cmake/cmake)
-- Using PYTHON_EXECUTABLE: /usr/bin/python3
-- Found rclcpp: 2.3.1 (/opt/ros/foxy/share/rclcpp/cmake)
-- Using all available rosidl_typesupport_c: rosidl_typesupport_fastrtps_c;rosidl_typesupport_introspection_c
-- Found rosidl_adapter: 1.2.1 (/opt/ros/foxy/share/rosidl_adapter/cmake)
-- Using all available rosidl_typesupport_cpp: rosidl_typesupport_fastrtps_cpp;rosidl_typesupport_introspection_cpp
-- Found rmw_implementation_cmake: 1.0.3 (/opt/ros/foxy/share/rmw_implementation_cmake/cmake)
-- Using RMW implementation 'rmw_fastrtps_cpp' as default
-- Found turtlesim: 1.2.5 (/opt/ros/foxy/share/turtlesim/cmake)
-- Found rclcpp_components: 2.3.1 (/opt/ros/foxy/share/rclcpp_components/cmake)
-- Found geometry_msgs: 2.0.4 (/opt/ros/foxy/share/geometry_msgs/cmake)
CMake Error at CMakeLists.txt:35 (install):
  install TARGETS given unknown argument "DESITNATION".


-- Configuring incomplete, errors occurred!
See also "/home/gbekeadesiyun/software_training/src/software_training_assignment/build/software_training_assignment/CMakeFiles/CMakeOutput.log".
See also "/home/gbekeadesiyun/software_training/src/software_training_assignment/build/software_training_assignment/CMakeFiles/CMakeError.log".
make: *** [Makefile:216: cmake_check_build_system] Error 1
