[0.074s] Invoking command in '/home/gbekeadesiyun/software_training/src/software_training_assignment/build/software_training_assignment': CMAKE_PREFIX_PATH=/opt/ros/foxy /usr/bin/cmake /home/gbekeadesiyun/software_training/src/software_training_assignment -DCMAKE_INSTALL_PREFIX=/home/gbekeadesiyun/software_training/src/software_training_assignment/install/software_training_assignment
[0.504s] -- The C compiler identification is GNU 9.3.0
[0.749s] -- The CXX compiler identification is GNU 9.3.0
[0.771s] -- Check for working C compiler: /usr/bin/cc
[0.920s] -- Check for working C compiler: /usr/bin/cc -- works
[0.924s] -- Detecting C compiler ABI info
[1.017s] -- Detecting C compiler ABI info - done
[1.032s] -- Detecting C compile features
[1.033s] -- Detecting C compile features - done
[1.037s] -- Check for working CXX compiler: /usr/bin/c++
[1.119s] -- Check for working CXX compiler: /usr/bin/c++ -- works
[1.121s] -- Detecting CXX compiler ABI info
[1.223s] -- Detecting CXX compiler ABI info - done
[1.242s] -- Detecting CXX compile features
[1.243s] -- Detecting CXX compile features - done
[1.257s] -- Found ament_cmake: 0.9.8 (/opt/ros/foxy/share/ament_cmake/cmake)
[1.288s] -- Found PythonInterp: /usr/bin/python3 (found suitable version "3.8.10", minimum required is "3") 
[1.289s] -- Using PYTHON_EXECUTABLE: /usr/bin/python3
[1.522s] -- Found rclcpp: 2.3.1 (/opt/ros/foxy/share/rclcpp/cmake)
[1.607s] -- Using all available rosidl_typesupport_c: rosidl_typesupport_fastrtps_c;rosidl_typesupport_introspection_c
[1.621s] -- Found rosidl_adapter: 1.2.1 (/opt/ros/foxy/share/rosidl_adapter/cmake)
[1.743s] -- Found OpenSSL: /usr/lib/x86_64-linux-gnu/libcrypto.so (found version "1.1.1f")  
[1.774s] -- Found FastRTPS: /opt/ros/foxy/include  
[1.878s] -- Using all available rosidl_typesupport_cpp: rosidl_typesupport_fastrtps_cpp;rosidl_typesupport_introspection_cpp
[1.972s] -- Found rmw_implementation_cmake: 1.0.3 (/opt/ros/foxy/share/rmw_implementation_cmake/cmake)
[1.976s] -- Using RMW implementation 'rmw_fastrtps_cpp' as default
[1.980s] -- Looking for pthread.h
[2.071s] -- Looking for pthread.h - found
[2.072s] -- Performing Test CMAKE_HAVE_LIBC_PTHREAD
[2.162s] -- Performing Test CMAKE_HAVE_LIBC_PTHREAD - Failed
[2.162s] -- Looking for pthread_create in pthreads
[2.233s] -- Looking for pthread_create in pthreads - not found
[2.233s] -- Looking for pthread_create in pthread
[2.300s] -- Looking for pthread_create in pthread - found
[2.302s] -- Found Threads: TRUE  
[2.515s] -- Found turtlesim: 1.2.5 (/opt/ros/foxy/share/turtlesim/cmake)
[2.763s] -- Configuring done
[2.773s] -- Generating done
[2.775s] -- Build files have been written to: /home/gbekeadesiyun/software_training/src/software_training_assignment/build/software_training_assignment
[2.785s] Invoked command in '/home/gbekeadesiyun/software_training/src/software_training_assignment/build/software_training_assignment' returned '0': CMAKE_PREFIX_PATH=/opt/ros/foxy /usr/bin/cmake /home/gbekeadesiyun/software_training/src/software_training_assignment -DCMAKE_INSTALL_PREFIX=/home/gbekeadesiyun/software_training/src/software_training_assignment/install/software_training_assignment
[2.786s] Invoking command in '/home/gbekeadesiyun/software_training/src/software_training_assignment/build/software_training_assignment': CMAKE_PREFIX_PATH=/opt/ros/foxy /usr/bin/cmake --build /home/gbekeadesiyun/software_training/src/software_training_assignment/build/software_training_assignment -- -j1 -l1
[2.828s] [35m[1mScanning dependencies of target client[0m
[3.004s] [ 50%] [32mBuilding CXX object CMakeFiles/client.dir/src/clear_turtles_client.cpp.o[0m
[6.378s] [100%] [32m[1mLinking CXX executable client[0m
[6.637s] [100%] Built target client
[6.652s] Invoked command in '/home/gbekeadesiyun/software_training/src/software_training_assignment/build/software_training_assignment' returned '0': CMAKE_PREFIX_PATH=/opt/ros/foxy /usr/bin/cmake --build /home/gbekeadesiyun/software_training/src/software_training_assignment/build/software_training_assignment -- -j1 -l1
[6.699s] Invoking command in '/home/gbekeadesiyun/software_training/src/software_training_assignment/build/software_training_assignment': CMAKE_PREFIX_PATH=/opt/ros/foxy /usr/bin/cmake --install /home/gbekeadesiyun/software_training/src/software_training_assignment/build/software_training_assignment
[6.712s] -- Install configuration: ""
[6.712s] -- Installing: /home/gbekeadesiyun/software_training/src/software_training_assignment/install/software_training_assignment/lib/client
[6.713s] -- Set runtime path of "/home/gbekeadesiyun/software_training/src/software_training_assignment/install/software_training_assignment/lib/client" to ""
[6.714s] -- Installing: /home/gbekeadesiyun/software_training/src/software_training_assignment/install/software_training_assignment/share/ament_index/resource_index/package_run_dependencies/software_training_assignment
[6.714s] -- Installing: /home/gbekeadesiyun/software_training/src/software_training_assignment/install/software_training_assignment/share/ament_index/resource_index/parent_prefix_path/software_training_assignment
[6.715s] -- Installing: /home/gbekeadesiyun/software_training/src/software_training_assignment/install/software_training_assignment/share/software_training_assignment/environment/ament_prefix_path.sh
[6.716s] -- Installing: /home/gbekeadesiyun/software_training/src/software_training_assignment/install/software_training_assignment/share/software_training_assignment/environment/ament_prefix_path.dsv
[6.716s] -- Installing: /home/gbekeadesiyun/software_training/src/software_training_assignment/install/software_training_assignment/share/software_training_assignment/environment/path.sh
[6.717s] -- Installing: /home/gbekeadesiyun/software_training/src/software_training_assignment/install/software_training_assignment/share/software_training_assignment/environment/path.dsv
[6.717s] -- Installing: /home/gbekeadesiyun/software_training/src/software_training_assignment/install/software_training_assignment/share/software_training_assignment/local_setup.bash
[6.718s] -- Installing: /home/gbekeadesiyun/software_training/src/software_training_assignment/install/software_training_assignment/share/software_training_assignment/local_setup.sh
[6.719s] -- Installing: /home/gbekeadesiyun/software_training/src/software_training_assignment/install/software_training_assignment/share/software_training_assignment/local_setup.zsh
[6.719s] -- Installing: /home/gbekeadesiyun/software_training/src/software_training_assignment/install/software_training_assignment/share/software_training_assignment/local_setup.dsv
[6.720s] -- Installing: /home/gbekeadesiyun/software_training/src/software_training_assignment/install/software_training_assignment/share/software_training_assignment/package.dsv
[6.721s] -- Installing: /home/gbekeadesiyun/software_training/src/software_training_assignment/install/software_training_assignment/share/ament_index/resource_index/packages/software_training_assignment
[6.721s] -- Installing: /home/gbekeadesiyun/software_training/src/software_training_assignment/install/software_training_assignment/share/software_training_assignment/cmake/software_training_assignmentConfig.cmake
[6.722s] -- Installing: /home/gbekeadesiyun/software_training/src/software_training_assignment/install/software_training_assignment/share/software_training_assignment/cmake/software_training_assignmentConfig-version.cmake
[6.722s] -- Installing: /home/gbekeadesiyun/software_training/src/software_training_assignment/install/software_training_assignment/share/software_training_assignment/package.xml
[6.726s] Invoked command in '/home/gbekeadesiyun/software_training/src/software_training_assignment/build/software_training_assignment' returned '0': CMAKE_PREFIX_PATH=/opt/ros/foxy /usr/bin/cmake --install /home/gbekeadesiyun/software_training/src/software_training_assignment/build/software_training_assignment
